d:\projects\ja_projekt\imagedesaturation\x64\debug\qrc_imagedesaturation.obj
d:\projects\ja_projekt\imagedesaturation\x64\debug\moc_imagedesaturation.obj
d:\projects\ja_projekt\imagedesaturation\x64\debug\vc143.pdb
d:\projects\ja_projekt\imagedesaturation\x64\debug\main.obj
d:\projects\ja_projekt\imagedesaturation\x64\debug\imagedesaturation.obj
d:\projects\ja_projekt\imagedesaturation\x64\debug\uic\ui_imagedesaturation.h
d:\projects\ja_projekt\imagedesaturation\x64\debug\rcc\qrc_imagedesaturation.cpp
d:\projects\ja_projekt\imagedesaturation\x64\debug\moc\moc_imagedesaturation.cpp
d:\projects\ja_projekt\imagedesaturation\x64\debug\imagedesaturation.exe
d:\projects\ja_projekt\imagedesaturation\x64\debug\imagedesaturation.ilk
d:\projects\ja_projekt\imagedesaturation\x64\debug\imagedesaturation.pdb
d:\projects\ja_projekt\imagedesaturation\x64\debug\cpplibrary.exp
d:\projects\ja_projekt\imagedesaturation\x64\debug\cpplibrary.pdb
d:\projects\ja_projekt\imagedesaturation\x64\debug\imagedes.9209778d.tlog\cl.command.1.tlog
d:\projects\ja_projekt\imagedesaturation\x64\debug\imagedes.9209778d.tlog\cl.read.1.tlog
d:\projects\ja_projekt\imagedesaturation\x64\debug\imagedes.9209778d.tlog\cl.write.1.tlog
d:\projects\ja_projekt\imagedesaturation\x64\debug\imagedes.9209778d.tlog\imagedesaturation.write.1u.tlog
d:\projects\ja_projekt\imagedesaturation\x64\debug\imagedes.9209778d.tlog\link.command.1.tlog
d:\projects\ja_projekt\imagedesaturation\x64\debug\imagedes.9209778d.tlog\link.read.1.tlog
d:\projects\ja_projekt\imagedesaturation\x64\debug\imagedes.9209778d.tlog\link.write.1.tlog
d:\projects\ja_projekt\imagedesaturation\x64\debug\imagedes.9209778d.tlog\moc.read.1u.tlog
d:\projects\ja_projekt\imagedesaturation\x64\debug\imagedes.9209778d.tlog\moc.write.1u.tlog
d:\projects\ja_projekt\imagedesaturation\x64\debug\imagedes.9209778d.tlog\rcc.read.1u.tlog
d:\projects\ja_projekt\imagedesaturation\x64\debug\imagedes.9209778d.tlog\rcc.write.1u.tlog
d:\projects\ja_projekt\imagedesaturation\x64\debug\imagedes.9209778d.tlog\uic.read.1u.tlog
d:\projects\ja_projekt\imagedesaturation\x64\debug\imagedes.9209778d.tlog\uic.write.1u.tlog
